2021-07-26 15:58:12 [main] INFO  c.m.d.t.t.k.s.TwitterToKafkaServiceApplication - Starting TwitterToKafkaServiceApplication using Java 11.0.2 on Mldz-Komputer with PID 6836 (M:\dev\microservices-demo\twitter-to-kafka-service\target\classes started by Mldz in M:\dev\microservices-demo)
2021-07-26 15:58:12 [main] INFO  c.m.d.t.t.k.s.TwitterToKafkaServiceApplication - No active profile set, falling back to default profiles: default
2021-07-26 15:58:13 [main] WARN  o.s.c.a.AnnotationConfigApplicationContext - Exception encountered during context initialization - cancelling refresh attempt: org.springframework.beans.factory.UnsatisfiedDependencyException: Error creating bean with name 'twitterToKafkaServiceApplication': Unsatisfied dependency expressed through constructor parameter 0; nested exception is org.springframework.beans.factory.BeanCurrentlyInCreationException: Error creating bean with name 'twitterToKafkaServiceApplication': Requested bean is currently in creation: Is there an unresolvable circular reference?
2021-07-26 15:58:13 [main] INFO  o.s.b.a.l.ConditionEvaluationReportLoggingListener - 

Error starting ApplicationContext. To display the conditions report re-run your application with 'debug' enabled.
2021-07-26 15:58:13 [main] ERROR o.s.b.d.LoggingFailureAnalysisReporter - 

***************************
APPLICATION FAILED TO START
***************************

Description:

The dependencies of some of the beans in the application context form a cycle:

┌──->──┐
|  twitterToKafkaServiceApplication
└──<-──┘


2021-07-26 15:58:49 [main] INFO  c.m.d.t.t.k.s.TwitterToKafkaServiceApplication - Starting TwitterToKafkaServiceApplication using Java 11.0.2 on Mldz-Komputer with PID 16960 (M:\dev\microservices-demo\twitter-to-kafka-service\target\classes started by Mldz in M:\dev\microservices-demo)
2021-07-26 15:58:49 [main] INFO  c.m.d.t.t.k.s.TwitterToKafkaServiceApplication - No active profile set, falling back to default profiles: default
2021-07-26 15:58:50 [main] INFO  c.m.d.t.t.k.s.TwitterToKafkaServiceApplication - Started TwitterToKafkaServiceApplication in 1.053 seconds (JVM running for 1.673)
2021-07-26 15:58:50 [main] INFO  c.m.d.t.t.k.s.TwitterToKafkaServiceApplication - Start!
2021-07-26 16:02:00 [main] INFO  c.m.d.t.t.k.s.TwitterToKafkaServiceApplication - Starting TwitterToKafkaServiceApplication using Java 11.0.2 on Mldz-Komputer with PID 7100 (M:\dev\microservices-demo\twitter-to-kafka-service\target\classes started by Mldz in M:\dev\microservices-demo)
2021-07-26 16:02:00 [main] INFO  c.m.d.t.t.k.s.TwitterToKafkaServiceApplication - No active profile set, falling back to default profiles: default
2021-07-26 16:02:00 [main] INFO  c.m.d.t.t.k.s.TwitterToKafkaServiceApplication - Started TwitterToKafkaServiceApplication in 1.301 seconds (JVM running for 2.012)
2021-07-26 16:02:00 [main] INFO  c.m.d.t.t.k.s.TwitterToKafkaServiceApplication - Start!
2021-07-26 16:02:00 [main] INFO  c.m.d.t.t.k.s.TwitterToKafkaServiceApplication - [Java, Microservices, Spring, Kafka, Elasticsearch]
2021-07-26 16:04:05 [main] INFO  c.m.d.t.t.k.s.TwitterToKafkaServiceApplication - Starting TwitterToKafkaServiceApplication using Java 11.0.2 on Mldz-Komputer with PID 15508 (M:\dev\microservices-demo\twitter-to-kafka-service\target\classes started by Mldz in M:\dev\microservices-demo)
2021-07-26 16:04:05 [main] INFO  c.m.d.t.t.k.s.TwitterToKafkaServiceApplication - No active profile set, falling back to default profiles: default
2021-07-26 16:04:06 [main] INFO  c.m.d.t.t.k.s.TwitterToKafkaServiceApplication - Started TwitterToKafkaServiceApplication in 1.147 seconds (JVM running for 1.746)
2021-07-26 16:04:06 [main] INFO  c.m.d.t.t.k.s.TwitterToKafkaServiceApplication - Start!
2021-07-26 16:04:06 [main] INFO  c.m.d.t.t.k.s.TwitterToKafkaServiceApplication - [Java, Microservices, Spring, Kafka, Elasticsearch]
2021-07-26 16:04:06 [main] INFO  c.m.d.t.t.k.s.TwitterToKafkaServiceApplication - hello
